#
# There is insufficient memory for the Java Runtime Environment to continue.
# Native memory allocation (malloc) failed to allocate 32744 bytes for ChunkPool::allocate
# Possible reasons:
#   The system is out of physical RAM or swap space
#   In 32 bit mode, the process size limit was hit
# Possible solutions:
#   Reduce memory load on the system
#   Increase physical memory or swap space
#   Check if swap backing store is full
#   Use 64 bit Java on a 64 bit OS
#   Decrease Java heap size (-Xmx/-Xms)
#   Decrease number of Java threads
#   Decrease Java thread stack sizes (-Xss)
#   Set larger code cache with -XX:ReservedCodeCacheSize=
# This output file may be truncated or incomplete.
#
#  Out of Memory Error (allocation.cpp:273), pid=6344, tid=0x00000000000014e4
#
# JRE version: Java(TM) SE Runtime Environment (8.0_191-b12) (build 1.8.0_191-b12)
# Java VM: Java HotSpot(TM) 64-Bit Server VM (25.191-b12 mixed mode windows-amd64 compressed oops)
# Failed to write core dump. Minidumps are not enabled by default on client versions of Windows
#

---------------  T H R E A D  ---------------

Current thread (0x0000000000d4e800):  JavaThread "main" [_thread_in_vm, id=5348, stack(0x0000000002620000,0x0000000002720000)]

Stack: [0x0000000002620000,0x0000000002720000]
[error occurred during error reporting (printing stack bounds), id 0xc0000005]

Native frames: (J=compiled Java code, j=interpreted, Vv=VM code, C=native code)

Java frames: (J=compiled Java code, j=interpreted, Vv=VM code)
j  java.lang.invoke.MethodHandle.<clinit>()V+16
v  ~StubRoutines::call_stub

---------------  P R O C E S S  ---------------

Java Threads: ( => current thread )
  0x000000001740f000 JavaThread "C1 CompilerThread2" daemon [_thread_blocked, id=6716, stack(0x0000000018c50000,0x0000000018d50000)]
  0x0000000017412800 JavaThread "C2 CompilerThread1" daemon [_thread_blocked, id=5944, stack(0x0000000018b50000,0x0000000018c50000)]
  0x00000000173fd800 JavaThread "C2 CompilerThread0" daemon [_thread_blocked, id=9408, stack(0x0000000018a50000,0x0000000018b50000)]
  0x00000000173fb000 JavaThread "Attach Listener" daemon [_thread_blocked, id=9096, stack(0x0000000018950000,0x0000000018a50000)]
  0x00000000173fa000 JavaThread "Signal Dispatcher" daemon [_thread_blocked, id=6828, stack(0x0000000018850000,0x0000000018950000)]
  0x00000000173ea800 JavaThread "Finalizer" daemon [_thread_blocked, id=6140, stack(0x0000000018650000,0x0000000018750000)]
  0x0000000002891000 JavaThread "Reference Handler" daemon [_thread_blocked, id=4480, stack(0x0000000018550000,0x0000000018650000)]
=>0x0000000000d4e800 JavaThread "main" [_thread_in_vm, id=5348, stack(0x0000000002620000,0x0000000002720000)]

Other Threads:
  0x00000000173c7800 VMThread [stack: 0x0000000018450000,0x0000000018550000] [id=7960]

VM state:not at safepoint (normal execution)

VM Mutex/Monitor currently owned by a thread: None

Heap:
 PSYoungGen      total 38400K, used 665K [0x00000000d5d00000, 0x00000000d8780000, 0x0000000100000000)
  eden space 33280K, 2% used [0x00000000d5d00000,0x00000000d5da6670,0x00000000d7d80000)
  from space 5120K, 0% used [0x00000000d8280000,0x00000000d8280000,0x00000000d8780000)
  to   space 5120K, 0% used [0x00000000d7d80000,0x00000000d7d80000,0x00000000d8280000)
 ParOldGen       total 87552K, used 0K [0x0000000081600000, 0x0000000086b80000, 0x00000000d5d00000)
  object space 87552K, 0% used [0x0000000081600000,0x0000000081600000,0x0000000086b80000)
 Metaspace       used 2051K, capacity 4480K, committed 4480K, reserved 1056768K
  class space    used 228K, capacity 384K, committed 384K, reserved 1048576K

Card table byte_map: [0x0000000011c60000,0x0000000012060000] byte_map_base: 0x0000000011855000

Marking Bits: (ParMarkBitMap*) 0x0000000061bb3e30
 Begin Bits: [0x0000000012710000, 0x00000000146b8000)
 End Bits:   [0x00000000146b8000, 0x0000000016660000)

Polling page: 0x0000000000d50000

CodeCache: size=245760Kb used=1022Kb max_used=1034Kb free=244737Kb
 bounds [0x00000000028a0000, 0x0000000002b10000, 0x00000000118a0000]
 total_blobs=211 nmethods=0 adapters=126
 compilation: enabled

Compilation events (0 events):
No events

GC Heap History (0 events):
No events

Deoptimization events (0 events):
No events

Classes redefined (0 events):
No events

Internal exceptions (2 events):
Event: 0.063 Thread 0x0000000000d4e800 Exception <a 'java/lang/NoSuchMethodError': Method sun.misc.Unsafe.defineClass(Ljava/lang/String;[BII)Ljava/lang/Class; name or signature does not match> (0x00000000d5d07cb0) thrown at [C:\re\workspace\8-2-build-windows-amd64-cygwin\jdk8u191\11896\hotspot
Event: 0.063 Thread 0x0000000000d4e800 Exception <a 'java/lang/NoSuchMethodError': Method sun.misc.Unsafe.prefetchRead(Ljava/lang/Object;J)V name or signature does not match> (0x00000000d5d07f98) thrown at [C:\re\workspace\8-2-build-windows-amd64-cygwin\jdk8u191\11896\hotspot\src\share\vm\prim

Events (10 events):
Event: 0.107 loading class sun/misc/Launcher$AppClassLoader$1 done
Event: 0.114 loading class java/lang/SystemClassLoaderAction
Event: 0.114 loading class java/lang/SystemClassLoaderAction done
Event: 0.115 Thread 0x00000000173fa000 Thread added: 0x00000000173fa000
Event: 0.115 Thread 0x00000000173fb000 Thread added: 0x00000000173fb000
Event: 0.115 Thread 0x00000000173fd800 Thread added: 0x00000000173fd800
Event: 0.115 Thread 0x0000000017412800 Thread added: 0x0000000017412800
Event: 0.115 Thread 0x000000001740f000 Thread added: 0x000000001740f000
Event: 0.115 loading class java/lang/invoke/MethodHandleImpl
Event: 0.116 loading class java/lang/invoke/MethodHandleImpl done


Dynamic libraries:
0x00007ff7e2ef0000 - 0x00007ff7e2f27000 	C:\Program Files\Java\jre1.8.0_191\bin\javaw.exe
0x00007ffe88040000 - 0x00007ffe88230000 	C:\Windows\SYSTEM32\ntdll.dll
0x00007ffe860f0000 - 0x00007ffe861a2000 	C:\Windows\System32\KERNEL32.DLL
0x00007ffe85990000 - 0x00007ffe85c33000 	C:\Windows\System32\KERNELBASE.dll
0x00007ffe86d00000 - 0x00007ffe86da3000 	C:\Windows\System32\ADVAPI32.dll
0x00007ffe87d50000 - 0x00007ffe87dee000 	C:\Windows\System32\msvcrt.dll
0x00007ffe86fa0000 - 0x00007ffe87037000 	C:\Windows\System32\sechost.dll
0x00007ffe861b0000 - 0x00007ffe862d0000 	C:\Windows\System32\RPCRT4.dll
0x00007ffe87a60000 - 0x00007ffe87bf4000 	C:\Windows\System32\USER32.dll
0x00007ffe85da0000 - 0x00007ffe85dc1000 	C:\Windows\System32\win32u.dll
0x00007ffe877e0000 - 0x00007ffe87806000 	C:\Windows\System32\GDI32.dll
0x00007ffe84fd0000 - 0x00007ffe85164000 	C:\Windows\System32\gdi32full.dll
0x00007ffe85170000 - 0x00007ffe8520e000 	C:\Windows\System32\msvcp_win.dll
0x00007ffe85ca0000 - 0x00007ffe85d9a000 	C:\Windows\System32\ucrtbase.dll
0x00007ffe798f0000 - 0x00007ffe79b75000 	C:\Windows\WinSxS\amd64_microsoft.windows.common-controls_6595b64144ccf1df_6.0.18362.592_none_e6c0b1911312be02\COMCTL32.dll
0x00007ffe862d0000 - 0x00007ffe86606000 	C:\Windows\System32\combase.dll
0x00007ffe85ed0000 - 0x00007ffe85f50000 	C:\Windows\System32\bcryptPrimitives.dll
0x00007ffe878d0000 - 0x00007ffe878fe000 	C:\Windows\System32\IMM32.DLL
0x00000000611d0000 - 0x00000000612a2000 	C:\Program Files\Java\jre1.8.0_191\bin\msvcr100.dll
0x0000000061390000 - 0x0000000061c34000 	C:\Program Files\Java\jre1.8.0_191\bin\server\jvm.dll
0x00007ffe871b0000 - 0x00007ffe871b8000 	C:\Windows\System32\PSAPI.DLL
0x00007ffe78a80000 - 0x00007ffe78a89000 	C:\Windows\SYSTEM32\WSOCK32.dll
0x00007ffe876c0000 - 0x00007ffe8772f000 	C:\Windows\System32\WS2_32.dll
0x00007ffe80e30000 - 0x00007ffe80e54000 	C:\Windows\SYSTEM32\WINMM.dll
0x00007ffe78dc0000 - 0x00007ffe78dca000 	C:\Windows\SYSTEM32\VERSION.dll
0x00007ffe80e00000 - 0x00007ffe80e2d000 	C:\Windows\SYSTEM32\WINMMBASE.dll
0x00007ffe85f50000 - 0x00007ffe85f9a000 	C:\Windows\System32\cfgmgr32.dll
0x0000000061380000 - 0x000000006138f000 	C:\Program Files\Java\jre1.8.0_191\bin\verify.dll
0x0000000061350000 - 0x0000000061379000 	C:\Program Files\Java\jre1.8.0_191\bin\java.dll
0x0000000061330000 - 0x0000000061346000 	C:\Program Files\Java\jre1.8.0_191\bin\zip.dll
0x00007ffe86610000 - 0x00007ffe86cf5000 	C:\Windows\System32\SHELL32.dll
0x00007ffe87730000 - 0x00007ffe877d9000 	C:\Windows\System32\shcore.dll
0x00007ffe85210000 - 0x00007ffe8598f000 	C:\Windows\System32\windows.storage.dll
0x00007ffe84f90000 - 0x00007ffe84faf000 	C:\Windows\System32\profapi.dll
0x00007ffe84f40000 - 0x00007ffe84f8a000 	C:\Windows\System32\powrprof.dll
0x00007ffe84f10000 - 0x00007ffe84f20000 	C:\Windows\System32\UMPDC.dll
0x00007ffe87810000 - 0x00007ffe87862000 	C:\Windows\System32\shlwapi.dll
0x00007ffe84f20000 - 0x00007ffe84f31000 	C:\Windows\System32\kernel.appcore.dll
0x00007ffe85eb0000 - 0x00007ffe85ec7000 	C:\Windows\System32\cryptsp.dll

VM Arguments:
jvm_args: -Dfile.encoding=Cp1252 
java_command: com.StoreTest
java_class_path (initial): E:\cognizant\tbhannotation\bin;C:\Users\DELL\Downloads\hibernatejar\slf4j-api-1.6.1.jar;C:\Users\DELL\Downloads\hibernatejar\proxool-0.8.3.jar;C:\Users\DELL\Downloads\hibernatejar\postgresql-42.2.2.jar;C:\Users\DELL\Downloads\hibernatejar\org.osgi.core-4.3.1.jar;C:\Users\DELL\Downloads\hibernatejar\org.osgi.compendium-4.3.1.jar;C:\Users\DELL\Downloads\hibernatejar\mchange-commons-java-0.2.11.jar;C:\Users\DELL\Downloads\hibernatejar\jts-core-1.14.0.jar;C:\Users\DELL\Downloads\hibernatejar\jboss-transaction-api_1.2_spec-1.1.1.Final.jar;C:\Users\DELL\Downloads\hibernatejar\jboss-logging-3.3.2.Final.jar;C:\Users\DELL\Downloads\hibernatejar\javax.persistence-api-2.2.jar;C:\Users\DELL\Downloads\hibernatejar\javax.interceptor-api-1.2.jar;C:\Users\DELL\Downloads\hibernatejar\javassist-3.22.0-GA.jar;C:\Users\DELL\Downloads\hibernatejar\jandex-2.0.3.Final.jar;C:\Users\DELL\Downloads\hibernatejar\hibernate-spatial-5.3.1.Final.jar;C:\Users\DELL\Downloads\hibernatejar\hibernate-proxool-5.3.1.Final.jar;C:\Users\DELL\Downloads\hibernatejar\hibernate-osgi-5.3.1.Final.jar;C:\Users\DELL\Downloads\hibernatejar\hibernate-jpamodelgen-5.3.1.Final.jar;C:\Users\DELL\Downloads\hibernatejar\hibernate-envers-5.3.1.Final.jar;C:\Users\DELL\Downloads\hibernatejar\hibernate-core-5.3.1.Final.jar;C:\Users\DELL\Downloads\hibernatejar\hibernate-commons-annotations-5.0.3.Final.jar;C:\Users\DELL\Downloads\hibernatejar\hibernate-c3p0-5.3.1.Final.jar;C:\Users\DELL\Downloads\hibernatejar\geolatte-geom-1.3.0.jar;C:\Users\DELL\Downloads\hibernatejar\dom4j-1.6.1.jar;C:\Users\DELL\Downloads\hibernatejar\classmate-1.3.4.jar;C:\Users\DELL\Downloads\hibernatejar\c3p0-0.9.5.2.jar;C:\Users\DELL\Downloads\hibernatejar\byte-buddy-1.8.12.jar;C:\Users\DELL\Downloads\hibernatejar\antlr-2.7.7.jar;C:\Users\DELL\Downloads\ojdbc14.jar
Launcher Type: SUN_STANDARD

Environment Variables:
CLASSPATH=E:\cognizant
PATH=C:/Program Files/Java/jre1.8.0_191/bin/server;C:/Program Files/Java/jre1.8.0_191/bin;C:/Program Files/Java/jre1.8.0_191/lib/amd64;C:\oraclexe\app\oracle\product\11.2.0\server\bin;;C:\Program Files (x86)\Common Files\Oracle\Java\javapath;C:\Windows\system32;C:\Windows;C:\Windows\System32\Wbem;C:\Windows\System32\WindowsPowerShell\v1.0\;C:\Windows\System32\OpenSSH\;C:\Program Files\nodejs\;C:\Program Files\MySQL\MySQL Shell 8.0\bin\;C:\Users\DELL\Desktop\eclipse;
USERNAME=DELL
OS=Windows_NT
PROCESSOR_IDENTIFIER=Intel64 Family 6 Model 69 Stepping 1, GenuineIntel



---------------  S Y S T E M  ---------------

OS: Windows 10.0 , 64 bit Build 18362 (10.0.18362.329)

CPU:total 4 (initial active 4) (2 cores per cpu, 2 threads per core) family 6 model 69 stepping 1, cmov, cx8, fxsr, mmx, sse, sse2, sse3, ssse3, sse4.1, sse4.2, popcnt, avx, avx2, aes, clmul, erms, lzcnt, ht, tsc, tscinvbit, bmi1, bmi2

Memory: 4k page, physical 8291756k(1428408k free), swap 33457580k(2544k free)

vm_info: Java HotSpot(TM) 64-Bit Server VM (25.191-b12) for windows-amd64 JRE (1.8.0_191-b12), built on Oct  6 2018 09:29:03 by "java_re" with MS VC++ 10.0 (VS2010)

time: Thu Jan 30 16:14:29 2020
elapsed time: 0 seconds (0d 0h 0m 0s)

